\BOOKMARK [1][-]{section.1}{\376\377\000I\000n\000t\000r\000o\000d\000u\000c\000t\000i\000o\000n}{}% 1
\BOOKMARK [1][-]{section.2}{\376\377\000S\000t\000a\000g\000e\000\040\0001}{}% 2
\BOOKMARK [2][-]{subsection.2.1}{\376\377\000D\000a\000t\000a\000\040\000A\000n\000a\000l\000y\000s\000i\000s}{section.2}% 3
\BOOKMARK [3][-]{subsubsection.2.1.1}{\376\377\000P\000h\000a\000s\000e\000\040\0001}{subsection.2.1}% 4
\BOOKMARK [3][-]{subsubsection.2.1.2}{\376\377\000P\000h\000a\000s\000e\000\040\0002}{subsection.2.1}% 5
\BOOKMARK [1][-]{section.3}{\376\377\000F\000e\000a\000t\000u\000r\000e\000\040\000E\000x\000t\000r\000a\000c\000t\000i\000o\000n}{}% 6
\BOOKMARK [2][-]{subsection.3.1}{\376\377\000P\000C\000A}{section.3}% 7
\BOOKMARK [3][-]{subsubsection.3.1.1}{\376\377\000P\000h\000a\000s\000e\000\040\0001\000\040\000D\000a\000t\000a}{subsection.3.1}% 8
\BOOKMARK [2][-]{subsection.3.2}{\376\377\000L\000D\000A}{section.3}% 9
\BOOKMARK [3][-]{subsubsection.3.2.1}{\376\377\000P\000h\000a\000s\000e\000\040\0001\000\040\000D\000a\000t\000a}{subsection.3.2}% 10
\BOOKMARK [2][-]{subsection.3.3}{\376\377\000T\000i\000m\000e\000-\000D\000o\000m\000a\000i\000n\000\040\000F\000e\000a\000t\000u\000r\000e\000s}{section.3}% 11
\BOOKMARK [3][-]{subsubsection.3.3.1}{\376\377\000Z\000e\000r\000o\000\040\000C\000r\000o\000s\000s\000i\000n\000g\000\040\000R\000a\000t\000e\000\040\000\050\000Z\000C\000R\000\051}{subsection.3.3}% 12
\BOOKMARK [3][-]{subsubsection.3.3.2}{\376\377\000R\000M\000S\000\040\000E\000n\000e\000r\000g\000y}{subsection.3.3}% 13
\BOOKMARK [3][-]{subsubsection.3.3.3}{\376\377\000A\000m\000p\000l\000i\000t\000u\000d\000e\000\040\000E\000n\000v\000e\000l\000o\000p\000e}{subsection.3.3}% 14
\BOOKMARK [2][-]{subsection.3.4}{\376\377\000C\000o\000m\000b\000i\000n\000e\000d\000\040\000T\000i\000m\000e\000-\000D\000o\000m\000a\000i\000n\000\040\000F\000e\000a\000t\000u\000r\000e\000s}{section.3}% 15
\BOOKMARK [2][-]{subsection.3.5}{\376\377\000L\000e\000a\000v\000e\000-\000O\000n\000e\000-\000M\000i\000n\000e\000-\000O\000u\000t\000\040\000E\000v\000a\000l\000u\000a\000t\000i\000o\000n}{section.3}% 16
\BOOKMARK [2][-]{subsection.3.6}{\376\377\000C\000o\000n\000t\000i\000n\000u\000o\000u\000s\000\040\000W\000a\000v\000e\000l\000e\000t\000\040\000T\000r\000a\000n\000s\000f\000o\000r\000m\000\040\000\050\000C\000W\000T\000\051}{section.3}% 17
\BOOKMARK [2][-]{subsection.3.7}{\376\377\000D\000i\000s\000c\000r\000e\000t\000e\000\040\000W\000a\000v\000e\000l\000e\000t\000\040\000T\000r\000a\000n\000s\000f\000o\000r\000m\000\040\000\050\000D\000W\000T\000\051\000\040\000F\000e\000a\000t\000u\000r\000e\000s}{section.3}% 18
\BOOKMARK [2][-]{subsection.3.8}{\376\377\000C\000o\000m\000b\000i\000n\000e\000d\000\040\000P\000C\000A\000\040\000a\000n\000d\000\040\000T\000i\000m\000e\000-\000D\000o\000m\000a\000i\000n\000\040\000F\000e\000a\000t\000u\000r\000e\000s}{section.3}% 19
\BOOKMARK [2][-]{subsection.3.9}{\376\377\000R\000a\000w\000\040\000W\000a\000v\000e\000f\000o\000r\000m\000\040\000C\000o\000n\000v\000o\000l\000u\000t\000i\000o\000n\000a\000l\000\040\000C\000l\000a\000s\000s\000i\000f\000i\000e\000r\000\050\000O\000l\000d\000\040\000A\000r\000c\000h\000i\000t\000e\000c\000t\000u\000r\000e\000\051}{section.3}% 20
\BOOKMARK [1][-]{section.4}{\376\377\000P\000h\000a\000s\000e\000\040\0001\000:\000\040\000R\000a\000w\000\040\000W\000a\000v\000e\000f\000o\000r\000m\000\040\000C\000o\000n\000v\000o\000l\000u\000t\000i\000o\000n\000a\000l\000\040\000C\000l\000a\000s\000s\000i\000f\000i\000e\000r\000\050\000N\000e\000w\000\040\000A\000r\000c\000h\000i\000t\000e\000c\000t\000u\000r\000e}{}% 21
\BOOKMARK [2][-]{subsection.4.1}{\376\377\000A\000r\000c\000h\000i\000t\000e\000c\000t\000u\000r\000e}{section.4}% 22
\BOOKMARK [2][-]{subsection.4.2}{\376\377\000R\000e\000s\000u\000l\000t\000s}{section.4}% 23
\BOOKMARK [1][-]{section.5}{\376\377\000P\000h\000a\000s\000e\000\040\0002\000:\000\040\000R\000a\000w\040\020\000W\000a\000v\000e\000f\000o\000r\000m\000\040\000C\000l\000a\000s\000s\000i\000f\000i\000c\000a\000t\000i\000o\000n}{}% 24
\BOOKMARK [2][-]{subsection.5.1}{\376\377\000C\000o\000n\000v\000o\000l\000u\000t\000i\000o\000n\000a\000l\000\040\000C\000l\000a\000s\000s\000i\000f\000i\000e\000r\000\040\000\050\000C\000o\000n\000v\000o\000l\000u\000t\000i\000o\000n\000\137\000p\0002\000\051}{section.5}% 25
\BOOKMARK [3][-]{subsubsection.5.1.1}{\376\377\000A\000r\000c\000h\000i\000t\000e\000c\000t\000u\000r\000e}{subsection.5.1}% 26
\BOOKMARK [3][-]{subsubsection.5.1.2}{\376\377\000R\000e\000s\000u\000l\000t\000s}{subsection.5.1}% 27
\BOOKMARK [2][-]{subsection.5.2}{\376\377\000C\000o\000n\000v\000o\000l\000u\000t\000i\000o\000n\000\040\000+\000\040\000B\000i\000L\000S\000T\000M\000\040\000\050\000C\000o\000n\000v\000B\000i\000L\000S\000T\000M\000\051}{section.5}% 28
\BOOKMARK [3][-]{subsubsection.5.2.1}{\376\377\000A\000r\000c\000h\000i\000t\000e\000c\000t\000u\000r\000e}{subsection.5.2}% 29
\BOOKMARK [3][-]{subsubsection.5.2.2}{\376\377\000R\000e\000s\000u\000l\000t\000s}{subsection.5.2}% 30
\BOOKMARK [1][-]{section.6}{\376\377\000P\000h\000a\000s\000e\000\040\0002\000:\000\040\000F\000e\000a\000t\000u\000r\000e\040\020\000B\000a\000s\000e\000d\000\040\000C\000l\000a\000s\000s\000i\000f\000i\000e\000r\000s}{}% 31
\BOOKMARK [2][-]{subsection.6.1}{\376\377\000P\000C\000A\000\040\000+\000\040\000T\000i\000m\000e\040\020\000D\000o\000m\000a\000i\000n\000\040\000F\000e\000a\000t\000u\000r\000e\000s\000\040\000\050\000E\000n\000v\000e\000l\000o\000p\000e\000\040\000+\000\040\000Z\000C\000R\000\040\000+\000\040\000R\000M\000S\000\051}{section.6}% 32
\BOOKMARK [2][-]{subsection.6.2}{\376\377\000M\000F\000C\000C\040\020\000B\000a\000s\000e\000d\000\040\000M\000L\000P\000\040\000P\000h\000a\000s\000e\000\040\0002}{section.6}% 33
